2016-07-27 at 11:00:11 CST WARN  org.hibernate.boot.jaxb.internal.stax.LocalXmlResourceResolver 91 resolveEntity - HHH90000012: Recognized obsolete hibernate namespace http://hibernate.sourceforge.net/hibernate-configuration. Use namespace http://www.hibernate.org/dtd/hibernate-configuration instead.  Support for obsolete DTD/XSD namespaces may be removed at any time.
2016-07-27 at 11:00:11 CST INFO  org.hibernate.engine.jdbc.connections.internal.ConnectionProviderInitiator 122 initiateService - HHH000130: Instantiating explicit connection provider: org.hibernate.connection.ProxoolConnectionProvider
2016-07-27 at 11:00:11 CST INFO  org.logicalcobwebs.proxool.ProxoolFacade 77 registerConnectionPool - Proxool 0.8.3 (14-Dec-2003 16:06)
2016-07-27 at 11:00:12 CST WARN  net.sf.ehcache.config.CacheConfiguration 2388 setStatistics - Statistics can no longer be enabled via configuration.
2016-07-27 at 11:00:12 CST WARN  net.sf.ehcache.config.CacheConfiguration 2388 setStatistics - Statistics can no longer be enabled via configuration.
2016-07-27 at 11:00:12 CST WARN  org.hibernate.cache.ehcache.AbstractEhcacheRegionFactory 160 getCache - HHH020003: Could not find a specific ehcache configuration for cache named [hibernate.steed.org.hibernate.cache.spi.UpdateTimestampsCache]; using defaults.
2016-07-27 at 11:00:12 CST WARN  org.hibernate.cache.ehcache.AbstractEhcacheRegionFactory 160 getCache - HHH020003: Could not find a specific ehcache configuration for cache named [hibernate.steed.steed.ext.domain.system.LoginLog]; using defaults.
2016-07-27 at 11:00:12 CST WARN  org.hibernate.cache.ehcache.AbstractEhcacheRegionFactory 160 getCache - HHH020003: Could not find a specific ehcache configuration for cache named [hibernate.steed.steed.ext.domain.user.Role]; using defaults.
2016-07-27 at 11:00:12 CST WARN  org.hibernate.cache.ehcache.AbstractEhcacheRegionFactory 160 getCache - HHH020003: Could not find a specific ehcache configuration for cache named [hibernate.steed.steed.ext.domain.system.Menu]; using defaults.
2016-07-27 at 11:00:12 CST WARN  org.hibernate.cache.ehcache.AbstractEhcacheRegionFactory 160 getCache - HHH020003: Could not find a specific ehcache configuration for cache named [hibernate.steed.steed.ext.domain.system.Property]; using defaults.
2016-07-27 at 11:00:12 CST WARN  org.hibernate.cache.ehcache.AbstractEhcacheRegionFactory 160 getCache - HHH020003: Could not find a specific ehcache configuration for cache named [hibernate.steed.steed.domain.wechat.WechatUser]; using defaults.
2016-07-27 at 11:00:12 CST WARN  org.hibernate.cache.ehcache.AbstractEhcacheRegionFactory 160 getCache - HHH020003: Could not find a specific ehcache configuration for cache named [hibernate.steed.steed.ext.domain.terminal.TerminalUser]; using defaults.
2016-07-27 at 11:00:12 CST WARN  org.hibernate.cache.ehcache.AbstractEhcacheRegionFactory 160 getCache - HHH020003: Could not find a specific ehcache configuration for cache named [hibernate.steed.steed.ext.domain.user.Power]; using defaults.
2016-07-27 at 11:00:12 CST WARN  org.hibernate.cache.ehcache.AbstractEhcacheRegionFactory 160 getCache - HHH020003: Could not find a specific ehcache configuration for cache named [hibernate.steed.steed.domain.system.LogisticsCompany]; using defaults.
2016-07-27 at 11:00:12 CST WARN  org.hibernate.cache.ehcache.AbstractEhcacheRegionFactory 160 getCache - HHH020003: Could not find a specific ehcache configuration for cache named [hibernate.steed.steed.ext.domain.information.Information]; using defaults.
2016-07-27 at 11:00:12 CST WARN  org.hibernate.cache.ehcache.AbstractEhcacheRegionFactory 160 getCache - HHH020003: Could not find a specific ehcache configuration for cache named [hibernate.steed.steed.ext.domain.information.Programa]; using defaults.
2016-07-27 at 11:00:12 CST WARN  org.hibernate.cache.ehcache.AbstractEhcacheRegionFactory 160 getCache - HHH020003: Could not find a specific ehcache configuration for cache named [hibernate.steed.steed.ext.domain.system.Config]; using defaults.
2016-07-27 at 11:00:12 CST WARN  org.hibernate.cache.ehcache.AbstractEhcacheRegionFactory 160 getCache - HHH020003: Could not find a specific ehcache configuration for cache named [hibernate.steed.steed.ext.domain.system.Address]; using defaults.
2016-07-27 at 11:00:12 CST WARN  org.hibernate.cache.ehcache.AbstractEhcacheRegionFactory 160 getCache - HHH020003: Could not find a specific ehcache configuration for cache named [hibernate.steed.steed.domain.wechat.WechatAccount]; using defaults.
2016-07-27 at 11:00:12 CST WARN  org.hibernate.cache.ehcache.AbstractEhcacheRegionFactory 160 getCache - HHH020003: Could not find a specific ehcache configuration for cache named [hibernate.steed.steed.ext.domain.user.User]; using defaults.
2016-07-27 at 11:00:12 CST WARN  org.hibernate.cache.ehcache.AbstractEhcacheRegionFactory 160 getCache - HHH020003: Could not find a specific ehcache configuration for cache named [hibernate.steed.steed.ext.domain.user.Role.powerSet]; using defaults.
2016-07-27 at 11:00:13 CST WARN  org.hibernate.tool.schema.internal.ExceptionHandlerLoggedImpl 27 handleException - GenerationTarget encountered exception accepting command : Unable to execute command [alter table Role_Power add constraint FKc3s4w2isqolba4filsd5hot3i foreign key (power_name) references Power (name)] org.hibernate.tool.schema.spi.CommandAcceptanceException: Unable to execute command [alter table Role_Power add constraint FKc3s4w2isqolba4filsd5hot3i foreign key (power_name) references Power (name)]
	at org.hibernate.tool.schema.internal.exec.GenerationTargetToDatabase.accept(GenerationTargetToDatabase.java:63) ~[hibernate-core-5.2.1.Final.jar:5.2.1.Final]
	at org.hibernate.tool.schema.internal.SchemaMigratorImpl.applySqlString(SchemaMigratorImpl.java:573) [hibernate-core-5.2.1.Final.jar:5.2.1.Final]
	at org.hibernate.tool.schema.internal.SchemaMigratorImpl.applySqlStrings(SchemaMigratorImpl.java:557) [hibernate-core-5.2.1.Final.jar:5.2.1.Final]
	at org.hibernate.tool.schema.internal.SchemaMigratorImpl.applyForeignKeys(SchemaMigratorImpl.java:516) [hibernate-core-5.2.1.Final.jar:5.2.1.Final]
	at org.hibernate.tool.schema.internal.SchemaMigratorImpl.performMigration(SchemaMigratorImpl.java:315) [hibernate-core-5.2.1.Final.jar:5.2.1.Final]
	at org.hibernate.tool.schema.internal.SchemaMigratorImpl.doMigration(SchemaMigratorImpl.java:137) [hibernate-core-5.2.1.Final.jar:5.2.1.Final]
	at org.hibernate.tool.schema.internal.SchemaMigratorImpl.doMigration(SchemaMigratorImpl.java:110) [hibernate-core-5.2.1.Final.jar:5.2.1.Final]
	at org.hibernate.tool.schema.spi.SchemaManagementToolCoordinator.performDatabaseAction(SchemaManagementToolCoordinator.java:176) [hibernate-core-5.2.1.Final.jar:5.2.1.Final]
	at org.hibernate.tool.schema.spi.SchemaManagementToolCoordinator.process(SchemaManagementToolCoordinator.java:65) [hibernate-core-5.2.1.Final.jar:5.2.1.Final]
	at org.hibernate.internal.SessionFactoryImpl.<init>(SessionFactoryImpl.java:308) [hibernate-core-5.2.1.Final.jar:5.2.1.Final]
	at org.hibernate.boot.internal.SessionFactoryBuilderImpl.build(SessionFactoryBuilderImpl.java:483) [hibernate-core-5.2.1.Final.jar:5.2.1.Final]
	at steed.util.dao.HibernateUtil.buildFactory(HibernateUtil.java:79) [classes/:?]
	at steed.util.dao.HibernateUtil.buildFactory(HibernateUtil.java:57) [classes/:?]
	at steed.util.dao.HibernateUtil.<clinit>(HibernateUtil.java:41) [classes/:?]
	at steed.util.dao.DaoUtil.getSession(DaoUtil.java:1275) [classes/:?]
	at steed.util.dao.DaoUtil.get(DaoUtil.java:921) [classes/:?]
	at steed.ext.listener.BeyondstarInitListener.evalPath_Power2Domain(BeyondstarInitListener.java:82) [classes/:?]
	at steed.ext.listener.BeyondstarInitListener.getPath_PowerList(BeyondstarInitListener.java:64) [classes/:?]
	at steed.ext.listener.BeyondstarInitListener.contextInitialized(BeyondstarInitListener.java:33) [classes/:?]
	at org.apache.catalina.core.StandardContext.listenerStart(StandardContext.java:5003) [catalina.jar:7.0.64]
	at org.apache.catalina.core.StandardContext.startInternal(StandardContext.java:5517) [catalina.jar:7.0.64]
	at org.apache.catalina.util.LifecycleBase.start(LifecycleBase.java:150) [catalina.jar:7.0.64]
	at org.apache.catalina.core.ContainerBase$StartChild.call(ContainerBase.java:1574) [catalina.jar:7.0.64]
	at org.apache.catalina.core.ContainerBase$StartChild.call(ContainerBase.java:1564) [catalina.jar:7.0.64]
	at java.util.concurrent.FutureTask.run(Unknown Source) [?:1.8.0_101]
	at java.util.concurrent.ThreadPoolExecutor.runWorker(Unknown Source) [?:1.8.0_101]
	at java.util.concurrent.ThreadPoolExecutor$Worker.run(Unknown Source) [?:1.8.0_101]
	at java.lang.Thread.run(Unknown Source) [?:1.8.0_101]
Caused by: com.mysql.jdbc.exceptions.jdbc4.MySQLIntegrityConstraintViolationException: Cannot add or update a child row: a foreign key constraint fails (`steedframework4web`.`#sql-1250_18`, CONSTRAINT `FKc3s4w2isqolba4filsd5hot3i` FOREIGN KEY (`power_name`) REFERENCES `power` (`name`))
	at sun.reflect.NativeConstructorAccessorImpl.newInstance0(Native Method) ~[?:1.8.0_101]
	at sun.reflect.NativeConstructorAccessorImpl.newInstance(Unknown Source) ~[?:1.8.0_101]
	at sun.reflect.DelegatingConstructorAccessorImpl.newInstance(Unknown Source) ~[?:1.8.0_101]
	at java.lang.reflect.Constructor.newInstance(Unknown Source) ~[?:1.8.0_101]
	at com.mysql.jdbc.Util.handleNewInstance(Util.java:411) ~[mysql-connector-java-5.1.22.jar:?]
	at com.mysql.jdbc.Util.getInstance(Util.java:386) ~[mysql-connector-java-5.1.22.jar:?]
	at com.mysql.jdbc.SQLError.createSQLException(SQLError.java:1040) ~[mysql-connector-java-5.1.22.jar:?]
	at com.mysql.jdbc.MysqlIO.checkErrorPacket(MysqlIO.java:4096) ~[mysql-connector-java-5.1.22.jar:?]
	at com.mysql.jdbc.MysqlIO.checkErrorPacket(MysqlIO.java:4028) ~[mysql-connector-java-5.1.22.jar:?]
	at com.mysql.jdbc.MysqlIO.sendCommand(MysqlIO.java:2490) ~[mysql-connector-java-5.1.22.jar:?]
	at com.mysql.jdbc.MysqlIO.sqlQueryDirect(MysqlIO.java:2651) ~[mysql-connector-java-5.1.22.jar:?]
	at com.mysql.jdbc.ConnectionImpl.execSQL(ConnectionImpl.java:2728) ~[mysql-connector-java-5.1.22.jar:?]
	at com.mysql.jdbc.ConnectionImpl.execSQL(ConnectionImpl.java:2678) ~[mysql-connector-java-5.1.22.jar:?]
	at com.mysql.jdbc.StatementImpl.execute(StatementImpl.java:894) ~[mysql-connector-java-5.1.22.jar:?]
	at com.mysql.jdbc.StatementImpl.execute(StatementImpl.java:732) ~[mysql-connector-java-5.1.22.jar:?]
	at sun.reflect.NativeMethodAccessorImpl.invoke0(Native Method) ~[?:1.8.0_101]
	at sun.reflect.NativeMethodAccessorImpl.invoke(Unknown Source) ~[?:1.8.0_101]
	at sun.reflect.DelegatingMethodAccessorImpl.invoke(Unknown Source) ~[?:1.8.0_101]
	at java.lang.reflect.Method.invoke(Unknown Source) ~[?:1.8.0_101]
	at org.logicalcobwebs.proxool.ProxyStatement.invoke(ProxyStatement.java:68) ~[proxool-0.8.3.jar:?]
	at org.logicalcobwebs.cglib.proxy.Proxy$ProxyImpl$$EnhancerByCGLIB$$f8631b9b.execute(<generated>) ~[?:?]
	at org.hibernate.tool.schema.internal.exec.GenerationTargetToDatabase.accept(GenerationTargetToDatabase.java:51) ~[hibernate-core-5.2.1.Final.jar:5.2.1.Final]
	... 27 more

